Arguments: 
  /home/kkrzy/.nvm/versions/node/v20.2.0/bin/node /home/kkrzy/.yarn/bin/yarn.js add flowbait

PATH: 
  /home/kkrzy/.nvm/versions/node/v20.2.0/bin:/home/kkrzy/.yarn/bin:/home/kkrzy/.config/yarn/global/node_modules/.bin:/home/kkrzy/.vscode-server/bin/695af097c7bd098fbf017ce3ac85e09bbc5dda06/bin/remote-cli:/usr/local/sbin:/usr/local/bin:/usr/sbin:/usr/bin:/sbin:/bin:/usr/games:/usr/local/games:/usr/lib/wsl/lib:/mnt/c/Windows/system32:/mnt/c/Windows:/mnt/c/Windows/System32/Wbem:/mnt/c/Windows/System32/WindowsPowerShell/v1.0/:/mnt/c/Windows/System32/OpenSSH/:/mnt/c/Program Files (x86)/NVIDIA Corporation/PhysX/Common:/mnt/c/WINDOWS/system32:/mnt/c/WINDOWS:/mnt/c/WINDOWS/System32/Wbem:/mnt/c/WINDOWS/System32/WindowsPowerShell/v1.0/:/mnt/c/WINDOWS/System32/OpenSSH/:/mnt/c/Program Files/NVIDIA Corporation/NVIDIA NvDLISR:/mnt/c/Program Files/Git/cmd:/mnt/c/Program Files/Docker/Docker/resources/bin:/mnt/c/Program Files/php-8.2.3-Win32-vs16-x64:/mnt/c/Program Files/php-8.2.3-Win32-vs16-x64/php.exe:/mnt/c/Users/kkrzy/AppData/Local/Programs/Python/Python310/Scripts/:/mnt/c/Users/kkrzy/AppData/Local/Programs/Python/Python310/:/mnt/c/Users/kkrzy/AppData/Local/Microsoft/WindowsApps:/mnt/c/Users/kkrzy/AppData/Local/Programs/Microsoft VS Code/bin:/snap/bin

Yarn version: 
  1.22.19

Node version: 
  20.2.0

Platform: 
  linux x64

Trace: 
  Error: https://registry.yarnpkg.com/flowbait: Not found
      at params.callback [as _callback] (/home/kkrzy/.yarn/lib/cli.js:66145:18)
      at self.callback (/home/kkrzy/.yarn/lib/cli.js:140890:22)
      at Request.emit (node:events:511:28)
      at Request.<anonymous> (/home/kkrzy/.yarn/lib/cli.js:141862:10)
      at Request.emit (node:events:511:28)
      at IncomingMessage.<anonymous> (/home/kkrzy/.yarn/lib/cli.js:141784:12)
      at Object.onceWrapper (node:events:625:28)
      at IncomingMessage.emit (node:events:523:35)
      at endReadableNT (node:internal/streams/readable:1367:12)
      at process.processTicksAndRejections (node:internal/process/task_queues:82:21)

npm manifest: 
  No manifest

yarn manifest: 
  No manifest

Lockfile: 
  # THIS IS AN AUTOGENERATED FILE. DO NOT EDIT THIS FILE DIRECTLY.
  # yarn lockfile v1
